<?xml version="1.0" encoding="UTF-8"?>
<testsuite name="assignment1" tests="1" skipped="0" failures="0" errors="0" timestamp="2019-10-17T14:47:46" hostname="MacBook-Pro-5.local" time="25.021">
  <properties/>
  <testcase name="Pixel3aPrice" classname="assignment1" time="25.021"/>
  <system-out><![CDATA[Phone price : ₹59,998
]]></system-out>
  <system-err><![CDATA[2019-10-17 20:17:57.897 plugin-container[71183:17512047] *** CFMessagePort: bootstrap_register(): failed 1100 (0x44c) 'Permission denied', port = 0xab07, name = 'com.apple.tsm.portname'
See /usr/include/servers/bootstrap_defs.h for the error codes.
JavaScript error: about:newtab, line 914: TypeError: gSnippetsMap.getTotalBookmarksCount is not a function
]]></system-err>
</testsuite>
